Traceback (most recent call last):
  File "/home/jacktdxq/public_html/kg_disc_flask/passenger_wsgi.py", line 8, in <module>
    wsgi = imp.load_source('wsgi', 'KG.py')
  File "/home/jacktdxq/virtualenv/public_html/kg_disc_flask/3.9/lib64/python3.9/imp.py", line 171, in load_source
    module = _load(spec)
  File "<frozen importlib._bootstrap>", line 711, in _load
  File "<frozen importlib._bootstrap>", line 680, in _load_unlocked
  File "<frozen importlib._bootstrap_external>", line 850, in exec_module
  File "<frozen importlib._bootstrap>", line 228, in _call_with_frames_removed
  File "KG.py", line 1, in <module>
    from flask import Flask, render_template
ModuleNotFoundError: No module named 'flask'
Traceback (most recent call last):
  File "/home/jacktdxq/public_html/kg_disc_flask/passenger_wsgi.py", line 8, in <module>
    wsgi = imp.load_source('wsgi', 'KG.py')
  File "/home/jacktdxq/virtualenv/public_html/kg_disc_flask/3.9/lib64/python3.9/imp.py", line 171, in load_source
    module = _load(spec)
  File "<frozen importlib._bootstrap>", line 711, in _load
  File "<frozen importlib._bootstrap>", line 680, in _load_unlocked
  File "<frozen importlib._bootstrap_external>", line 850, in exec_module
  File "<frozen importlib._bootstrap>", line 228, in _call_with_frames_removed
  File "KG.py", line 1, in <module>
    from flask import Flask, render_template
ModuleNotFoundError: No module named 'flask'
Traceback (most recent call last):
  File "/home/jacktdxq/public_html/kg_disc_flask/passenger_wsgi.py", line 8, in <module>
    wsgi = imp.load_source('wsgi', 'KG.py')
  File "/home/jacktdxq/virtualenv/public_html/kg_disc_flask/3.9/lib64/python3.9/imp.py", line 171, in load_source
    module = _load(spec)
  File "<frozen importlib._bootstrap>", line 711, in _load
  File "<frozen importlib._bootstrap>", line 680, in _load_unlocked
  File "<frozen importlib._bootstrap_external>", line 850, in exec_module
  File "<frozen importlib._bootstrap>", line 228, in _call_with_frames_removed
  File "KG.py", line 1, in <module>
    from flask import Flask, render_template
ModuleNotFoundError: No module named 'flask'
Traceback (most recent call last):
  File "/home/jacktdxq/public_html/kg_disc_flask/passenger_wsgi.py", line 8, in <module>
    wsgi = imp.load_source('wsgi', 'KG.py')
  File "/home/jacktdxq/virtualenv/public_html/kg_disc_flask/3.9/lib64/python3.9/imp.py", line 171, in load_source
    module = _load(spec)
  File "<frozen importlib._bootstrap>", line 711, in _load
  File "<frozen importlib._bootstrap>", line 680, in _load_unlocked
  File "<frozen importlib._bootstrap_external>", line 850, in exec_module
  File "<frozen importlib._bootstrap>", line 228, in _call_with_frames_removed
  File "KG.py", line 1, in <module>
    from flask import Flask, render_template
ModuleNotFoundError: No module named 'flask'
Traceback (most recent call last):
  File "/home/jacktdxq/public_html/kg_disc_flask/passenger_wsgi.py", line 8, in <module>
    wsgi = imp.load_source('wsgi', 'KG.py')
  File "/home/jacktdxq/virtualenv/public_html/kg_disc_flask/3.9/lib64/python3.9/imp.py", line 171, in load_source
    module = _load(spec)
  File "<frozen importlib._bootstrap>", line 711, in _load
  File "<frozen importlib._bootstrap>", line 680, in _load_unlocked
  File "<frozen importlib._bootstrap_external>", line 850, in exec_module
  File "<frozen importlib._bootstrap>", line 228, in _call_with_frames_removed
  File "KG.py", line 1, in <module>
    from flask import Flask, render_template
ModuleNotFoundError: No module named 'flask'
Traceback (most recent call last):
  File "/home/jacktdxq/public_html/kg_disc_flask/passenger_wsgi.py", line 8, in <module>
    wsgi = imp.load_source('wsgi', 'KG.py')
  File "/home/jacktdxq/virtualenv/public_html/kg_disc_flask/3.9/lib64/python3.9/imp.py", line 171, in load_source
    module = _load(spec)
  File "<frozen importlib._bootstrap>", line 711, in _load
  File "<frozen importlib._bootstrap>", line 680, in _load_unlocked
  File "<frozen importlib._bootstrap_external>", line 850, in exec_module
  File "<frozen importlib._bootstrap>", line 228, in _call_with_frames_removed
  File "KG.py", line 1, in <module>
    from flask import Flask, render_template
ModuleNotFoundError: No module named 'flask'
Traceback (most recent call last):
  File "/home/jacktdxq/public_html/kg_disc_flask/passenger_wsgi.py", line 8, in <module>
    wsgi = imp.load_source('wsgi', 'KG.py')
  File "/home/jacktdxq/virtualenv/public_html/kg_disc_flask/3.9/lib64/python3.9/imp.py", line 171, in load_source
    module = _load(spec)
  File "<frozen importlib._bootstrap>", line 711, in _load
  File "<frozen importlib._bootstrap>", line 680, in _load_unlocked
  File "<frozen importlib._bootstrap_external>", line 850, in exec_module
  File "<frozen importlib._bootstrap>", line 228, in _call_with_frames_removed
  File "KG.py", line 1, in <module>
    from flask import Flask, render_template
ModuleNotFoundError: No module named 'flask'
Traceback (most recent call last):
  File "/home/jacktdxq/public_html/kg_disc_flask/passenger_wsgi.py", line 8, in <module>
    wsgi = imp.load_source('wsgi', 'KG.py')
  File "/home/jacktdxq/virtualenv/public_html/kg_disc_flask/3.9/lib64/python3.9/imp.py", line 171, in load_source
    module = _load(spec)
  File "<frozen importlib._bootstrap>", line 711, in _load
  File "<frozen importlib._bootstrap>", line 680, in _load_unlocked
  File "<frozen importlib._bootstrap_external>", line 850, in exec_module
  File "<frozen importlib._bootstrap>", line 228, in _call_with_frames_removed
  File "KG.py", line 1, in <module>
    from flask import Flask, render_template
ModuleNotFoundError: No module named 'flask'
Traceback (most recent call last):
  File "/home/jacktdxq/public_html/kg_disc_flask/passenger_wsgi.py", line 8, in <module>
    wsgi = imp.load_source('wsgi', 'KG.py')
  File "/home/jacktdxq/virtualenv/public_html/kg_disc_flask/3.9/lib64/python3.9/imp.py", line 171, in load_source
    module = _load(spec)
  File "<frozen importlib._bootstrap>", line 711, in _load
  File "<frozen importlib._bootstrap>", line 680, in _load_unlocked
  File "<frozen importlib._bootstrap_external>", line 850, in exec_module
  File "<frozen importlib._bootstrap>", line 228, in _call_with_frames_removed
  File "KG.py", line 1, in <module>
    from flask import Flask, render_template
  File "/home/jacktdxq/virtualenv/public_html/kg_disc_flask/3.9/lib/python3.9/site-packages/flask/__init__.py", line 1, in <module>
    from markupsafe import escape
ModuleNotFoundError: No module named 'markupsafe'
Traceback (most recent call last):
  File "/home/jacktdxq/public_html/kg_disc_flask/passenger_wsgi.py", line 8, in <module>
    wsgi = imp.load_source('wsgi', 'KG.py')
  File "/home/jacktdxq/virtualenv/public_html/kg_disc_flask/3.9/lib64/python3.9/imp.py", line 171, in load_source
    module = _load(spec)
  File "<frozen importlib._bootstrap>", line 711, in _load
  File "<frozen importlib._bootstrap>", line 680, in _load_unlocked
  File "<frozen importlib._bootstrap_external>", line 850, in exec_module
  File "<frozen importlib._bootstrap>", line 228, in _call_with_frames_removed
  File "KG.py", line 1, in <module>
    from flask import Flask, render_template
  File "/home/jacktdxq/virtualenv/public_html/kg_disc_flask/3.9/lib/python3.9/site-packages/flask/__init__.py", line 1, in <module>
    from markupsafe import escape
ModuleNotFoundError: No module named 'markupsafe'
Traceback (most recent call last):
  File "/home/jacktdxq/public_html/kg_disc_flask/passenger_wsgi.py", line 8, in <module>
    wsgi = imp.load_source('wsgi', 'KG.py')
  File "/home/jacktdxq/virtualenv/public_html/kg_disc_flask/3.9/lib64/python3.9/imp.py", line 171, in load_source
    module = _load(spec)
  File "<frozen importlib._bootstrap>", line 711, in _load
  File "<frozen importlib._bootstrap>", line 680, in _load_unlocked
  File "<frozen importlib._bootstrap_external>", line 850, in exec_module
  File "<frozen importlib._bootstrap>", line 228, in _call_with_frames_removed
  File "KG.py", line 1, in <module>
    from flask import Flask, render_template
  File "/home/jacktdxq/virtualenv/public_html/kg_disc_flask/3.9/lib/python3.9/site-packages/flask/__init__.py", line 1, in <module>
    from markupsafe import escape
ModuleNotFoundError: No module named 'markupsafe'
Traceback (most recent call last):
  File "/home/jacktdxq/public_html/kg_disc_flask/passenger_wsgi.py", line 8, in <module>
    wsgi = imp.load_source('wsgi', 'KG.py')
  File "/home/jacktdxq/virtualenv/public_html/kg_disc_flask/3.9/lib64/python3.9/imp.py", line 171, in load_source
    module = _load(spec)
  File "<frozen importlib._bootstrap>", line 711, in _load
  File "<frozen importlib._bootstrap>", line 680, in _load_unlocked
  File "<frozen importlib._bootstrap_external>", line 850, in exec_module
  File "<frozen importlib._bootstrap>", line 228, in _call_with_frames_removed
  File "KG.py", line 1, in <module>
    from flask import Flask, render_template
  File "/home/jacktdxq/virtualenv/public_html/kg_disc_flask/3.9/lib/python3.9/site-packages/flask/__init__.py", line 1, in <module>
    from markupsafe import escape
ModuleNotFoundError: No module named 'markupsafe'
Traceback (most recent call last):
  File "/home/jacktdxq/public_html/kg_disc_flask/passenger_wsgi.py", line 8, in <module>
    wsgi = imp.load_source('wsgi', 'KG.py')
  File "/home/jacktdxq/virtualenv/public_html/kg_disc_flask/3.9/lib64/python3.9/imp.py", line 171, in load_source
    module = _load(spec)
  File "<frozen importlib._bootstrap>", line 711, in _load
  File "<frozen importlib._bootstrap>", line 680, in _load_unlocked
  File "<frozen importlib._bootstrap_external>", line 850, in exec_module
  File "<frozen importlib._bootstrap>", line 228, in _call_with_frames_removed
  File "KG.py", line 1, in <module>
    from flask import Flask, render_template
  File "/home/jacktdxq/virtualenv/public_html/kg_disc_flask/3.9/lib/python3.9/site-packages/flask/__init__.py", line 1, in <module>
    from markupsafe import escape
ModuleNotFoundError: No module named 'markupsafe'
Traceback (most recent call last):
  File "/home/jacktdxq/public_html/kg_disc_flask/passenger_wsgi.py", line 8, in <module>
    wsgi = imp.load_source('wsgi', 'KG.py')
  File "/home/jacktdxq/virtualenv/public_html/kg_disc_flask/3.9/lib64/python3.9/imp.py", line 171, in load_source
    module = _load(spec)
  File "<frozen importlib._bootstrap>", line 711, in _load
  File "<frozen importlib._bootstrap>", line 680, in _load_unlocked
  File "<frozen importlib._bootstrap_external>", line 850, in exec_module
  File "<frozen importlib._bootstrap>", line 228, in _call_with_frames_removed
  File "KG.py", line 1, in <module>
    from flask import Flask, render_template
  File "/home/jacktdxq/virtualenv/public_html/kg_disc_flask/3.9/lib/python3.9/site-packages/flask/__init__.py", line 1, in <module>
    from markupsafe import escape
ModuleNotFoundError: No module named 'markupsafe'
Traceback (most recent call last):
  File "/home/jacktdxq/public_html/kg_disc_flask/passenger_wsgi.py", line 8, in <module>
    wsgi = imp.load_source('wsgi', 'KG.py')
  File "/home/jacktdxq/virtualenv/public_html/kg_disc_flask/3.9/lib64/python3.9/imp.py", line 171, in load_source
    module = _load(spec)
  File "<frozen importlib._bootstrap>", line 711, in _load
  File "<frozen importlib._bootstrap>", line 680, in _load_unlocked
  File "<frozen importlib._bootstrap_external>", line 850, in exec_module
  File "<frozen importlib._bootstrap>", line 228, in _call_with_frames_removed
  File "KG.py", line 1, in <module>
    from flask import Flask, render_template
  File "/home/jacktdxq/virtualenv/public_html/kg_disc_flask/3.9/lib/python3.9/site-packages/flask/__init__.py", line 1, in <module>
    from markupsafe import escape
ModuleNotFoundError: No module named 'markupsafe'
Traceback (most recent call last):
  File "/home/jacktdxq/public_html/kg_disc_flask/passenger_wsgi.py", line 8, in <module>
    wsgi = imp.load_source('wsgi', 'KG.py')
  File "/home/jacktdxq/virtualenv/public_html/kg_disc_flask/3.9/lib64/python3.9/imp.py", line 171, in load_source
    module = _load(spec)
  File "<frozen importlib._bootstrap>", line 711, in _load
  File "<frozen importlib._bootstrap>", line 680, in _load_unlocked
  File "<frozen importlib._bootstrap_external>", line 850, in exec_module
  File "<frozen importlib._bootstrap>", line 228, in _call_with_frames_removed
  File "KG.py", line 1, in <module>
    from flask import Flask, render_template
  File "/home/jacktdxq/virtualenv/public_html/kg_disc_flask/3.9/lib/python3.9/site-packages/flask/__init__.py", line 1, in <module>
    from markupsafe import escape
ModuleNotFoundError: No module named 'markupsafe'
Traceback (most recent call last):
  File "/home/jacktdxq/public_html/kg_disc_flask/passenger_wsgi.py", line 8, in <module>
    wsgi = imp.load_source('wsgi', 'KG.py')
  File "/home/jacktdxq/virtualenv/public_html/kg_disc_flask/3.9/lib64/python3.9/imp.py", line 171, in load_source
    module = _load(spec)
  File "<frozen importlib._bootstrap>", line 711, in _load
  File "<frozen importlib._bootstrap>", line 680, in _load_unlocked
  File "<frozen importlib._bootstrap_external>", line 850, in exec_module
  File "<frozen importlib._bootstrap>", line 228, in _call_with_frames_removed
  File "KG.py", line 1, in <module>
    from flask import Flask, render_template
  File "/home/jacktdxq/virtualenv/public_html/kg_disc_flask/3.9/lib/python3.9/site-packages/flask/__init__.py", line 1, in <module>
    from markupsafe import escape
ModuleNotFoundError: No module named 'markupsafe'
Traceback (most recent call last):
  File "/home/jacktdxq/public_html/kg_disc_flask/passenger_wsgi.py", line 8, in <module>
    wsgi = imp.load_source('wsgi', 'KG.py')
  File "/home/jacktdxq/virtualenv/public_html/kg_disc_flask/3.9/lib64/python3.9/imp.py", line 171, in load_source
    module = _load(spec)
  File "<frozen importlib._bootstrap>", line 711, in _load
  File "<frozen importlib._bootstrap>", line 680, in _load_unlocked
  File "<frozen importlib._bootstrap_external>", line 850, in exec_module
  File "<frozen importlib._bootstrap>", line 228, in _call_with_frames_removed
  File "KG.py", line 1, in <module>
    from flask import Flask, render_template
  File "/home/jacktdxq/virtualenv/public_html/kg_disc_flask/3.9/lib/python3.9/site-packages/flask/__init__.py", line 1, in <module>
    from markupsafe import escape
ModuleNotFoundError: No module named 'markupsafe'
Traceback (most recent call last):
  File "/home/jacktdxq/public_html/kg_disc_flask/passenger_wsgi.py", line 8, in <module>
    wsgi = imp.load_source('wsgi', 'KG.py')
  File "/home/jacktdxq/virtualenv/public_html/kg_disc_flask/3.9/lib64/python3.9/imp.py", line 171, in load_source
    module = _load(spec)
  File "<frozen importlib._bootstrap>", line 711, in _load
  File "<frozen importlib._bootstrap>", line 680, in _load_unlocked
  File "<frozen importlib._bootstrap_external>", line 850, in exec_module
  File "<frozen importlib._bootstrap>", line 228, in _call_with_frames_removed
  File "KG.py", line 1, in <module>
    from flask import Flask, render_template
  File "/home/jacktdxq/virtualenv/public_html/kg_disc_flask/3.9/lib/python3.9/site-packages/flask/__init__.py", line 1, in <module>
    from markupsafe import escape
ModuleNotFoundError: No module named 'markupsafe'
Traceback (most recent call last):
  File "/home/jacktdxq/public_html/kg_disc_flask/passenger_wsgi.py", line 8, in <module>
    wsgi = imp.load_source('wsgi', 'KG.py')
  File "/home/jacktdxq/virtualenv/public_html/kg_disc_flask/3.9/lib64/python3.9/imp.py", line 171, in load_source
    module = _load(spec)
  File "<frozen importlib._bootstrap>", line 711, in _load
  File "<frozen importlib._bootstrap>", line 680, in _load_unlocked
  File "<frozen importlib._bootstrap_external>", line 850, in exec_module
  File "<frozen importlib._bootstrap>", line 228, in _call_with_frames_removed
  File "KG.py", line 1, in <module>
    from flask import Flask, render_template
  File "/home/jacktdxq/virtualenv/public_html/kg_disc_flask/3.9/lib/python3.9/site-packages/flask/__init__.py", line 1, in <module>
    from markupsafe import escape
ModuleNotFoundError: No module named 'markupsafe'
Traceback (most recent call last):
  File "/home/jacktdxq/public_html/kg_disc_flask/passenger_wsgi.py", line 8, in <module>
    wsgi = imp.load_source('wsgi', 'KG.py')
  File "/home/jacktdxq/virtualenv/public_html/kg_disc_flask/3.9/lib64/python3.9/imp.py", line 171, in load_source
    module = _load(spec)
  File "<frozen importlib._bootstrap>", line 711, in _load
  File "<frozen importlib._bootstrap>", line 680, in _load_unlocked
  File "<frozen importlib._bootstrap_external>", line 850, in exec_module
  File "<frozen importlib._bootstrap>", line 228, in _call_with_frames_removed
  File "KG.py", line 1, in <module>
    from flask import Flask, render_template
  File "/home/jacktdxq/virtualenv/public_html/kg_disc_flask/3.9/lib/python3.9/site-packages/flask/__init__.py", line 1, in <module>
    from markupsafe import escape
ModuleNotFoundError: No module named 'markupsafe'
Traceback (most recent call last):
  File "/home/jacktdxq/public_html/kg_disc_flask/passenger_wsgi.py", line 8, in <module>
    wsgi = imp.load_source('wsgi', 'KG.py')
  File "/home/jacktdxq/virtualenv/public_html/kg_disc_flask/3.9/lib64/python3.9/imp.py", line 171, in load_source
    module = _load(spec)
  File "<frozen importlib._bootstrap>", line 711, in _load
  File "<frozen importlib._bootstrap>", line 680, in _load_unlocked
  File "<frozen importlib._bootstrap_external>", line 850, in exec_module
  File "<frozen importlib._bootstrap>", line 228, in _call_with_frames_removed
  File "KG.py", line 1, in <module>
    from flask import Flask, render_template
  File "/home/jacktdxq/virtualenv/public_html/kg_disc_flask/3.9/lib/python3.9/site-packages/flask/__init__.py", line 1, in <module>
    from markupsafe import escape
ModuleNotFoundError: No module named 'markupsafe'
Traceback (most recent call last):
  File "/home/jacktdxq/public_html/kg_disc_flask/passenger_wsgi.py", line 8, in <module>
    wsgi = imp.load_source('wsgi', 'KG.py')
  File "/home/jacktdxq/virtualenv/public_html/kg_disc_flask/3.9/lib64/python3.9/imp.py", line 171, in load_source
    module = _load(spec)
  File "<frozen importlib._bootstrap>", line 711, in _load
  File "<frozen importlib._bootstrap>", line 680, in _load_unlocked
  File "<frozen importlib._bootstrap_external>", line 850, in exec_module
  File "<frozen importlib._bootstrap>", line 228, in _call_with_frames_removed
  File "KG.py", line 1, in <module>
    from flask import Flask, render_template
  File "/home/jacktdxq/virtualenv/public_html/kg_disc_flask/3.9/lib/python3.9/site-packages/flask/__init__.py", line 1, in <module>
    from markupsafe import escape
ModuleNotFoundError: No module named 'markupsafe'
Traceback (most recent call last):
  File "/home/jacktdxq/public_html/kg_disc_flask/passenger_wsgi.py", line 8, in <module>
    wsgi = imp.load_source('wsgi', 'KG.py')
  File "/home/jacktdxq/virtualenv/public_html/kg_disc_flask/3.9/lib64/python3.9/imp.py", line 171, in load_source
    module = _load(spec)
  File "<frozen importlib._bootstrap>", line 711, in _load
  File "<frozen importlib._bootstrap>", line 680, in _load_unlocked
  File "<frozen importlib._bootstrap_external>", line 850, in exec_module
  File "<frozen importlib._bootstrap>", line 228, in _call_with_frames_removed
  File "KG.py", line 1, in <module>
    from flask import Flask, render_template
  File "/home/jacktdxq/virtualenv/public_html/kg_disc_flask/3.9/lib/python3.9/site-packages/flask/__init__.py", line 1, in <module>
    from markupsafe import escape
ModuleNotFoundError: No module named 'markupsafe'
Traceback (most recent call last):
  File "/home/jacktdxq/public_html/kg_disc_flask/passenger_wsgi.py", line 8, in <module>
    wsgi = imp.load_source('wsgi', 'KG.py')
  File "/home/jacktdxq/virtualenv/public_html/kg_disc_flask/3.9/lib64/python3.9/imp.py", line 171, in load_source
    module = _load(spec)
  File "<frozen importlib._bootstrap>", line 711, in _load
  File "<frozen importlib._bootstrap>", line 680, in _load_unlocked
  File "<frozen importlib._bootstrap_external>", line 850, in exec_module
  File "<frozen importlib._bootstrap>", line 228, in _call_with_frames_removed
  File "KG.py", line 1, in <module>
    from flask import Flask, render_template
  File "/home/jacktdxq/virtualenv/public_html/kg_disc_flask/3.9/lib/python3.9/site-packages/flask/__init__.py", line 1, in <module>
    from markupsafe import escape
ModuleNotFoundError: No module named 'markupsafe'
Traceback (most recent call last):
  File "/home/jacktdxq/public_html/kg_disc_flask/passenger_wsgi.py", line 8, in <module>
    wsgi = imp.load_source('wsgi', 'KG.py')
  File "/home/jacktdxq/virtualenv/public_html/kg_disc_flask/3.9/lib64/python3.9/imp.py", line 171, in load_source
    module = _load(spec)
  File "<frozen importlib._bootstrap>", line 711, in _load
  File "<frozen importlib._bootstrap>", line 680, in _load_unlocked
  File "<frozen importlib._bootstrap_external>", line 850, in exec_module
  File "<frozen importlib._bootstrap>", line 228, in _call_with_frames_removed
  File "KG.py", line 1, in <module>
    from flask import Flask, render_template
  File "/home/jacktdxq/virtualenv/public_html/kg_disc_flask/3.9/lib/python3.9/site-packages/flask/__init__.py", line 1, in <module>
    from markupsafe import escape
ModuleNotFoundError: No module named 'markupsafe'
Traceback (most recent call last):
  File "/home/jacktdxq/public_html/kg_disc_flask/passenger_wsgi.py", line 8, in <module>
    wsgi = imp.load_source('wsgi', 'KG.py')
  File "/home/jacktdxq/virtualenv/public_html/kg_disc_flask/3.9/lib64/python3.9/imp.py", line 171, in load_source
    module = _load(spec)
  File "<frozen importlib._bootstrap>", line 711, in _load
  File "<frozen importlib._bootstrap>", line 680, in _load_unlocked
  File "<frozen importlib._bootstrap_external>", line 850, in exec_module
  File "<frozen importlib._bootstrap>", line 228, in _call_with_frames_removed
  File "KG.py", line 1, in <module>
    from flask import Flask, render_template
  File "/home/jacktdxq/virtualenv/public_html/kg_disc_flask/3.9/lib/python3.9/site-packages/flask/__init__.py", line 1, in <module>
    from markupsafe import escape
ModuleNotFoundError: No module named 'markupsafe'
Traceback (most recent call last):
  File "/home/jacktdxq/public_html/kg_disc_flask/passenger_wsgi.py", line 8, in <module>
    wsgi = imp.load_source('wsgi', 'KG.py')
  File "/home/jacktdxq/virtualenv/public_html/kg_disc_flask/3.9/lib64/python3.9/imp.py", line 171, in load_source
    module = _load(spec)
  File "<frozen importlib._bootstrap>", line 711, in _load
  File "<frozen importlib._bootstrap>", line 680, in _load_unlocked
  File "<frozen importlib._bootstrap_external>", line 850, in exec_module
  File "<frozen importlib._bootstrap>", line 228, in _call_with_frames_removed
  File "KG.py", line 1, in <module>
    from flask import Flask, render_template
  File "/home/jacktdxq/virtualenv/public_html/kg_disc_flask/3.9/lib/python3.9/site-packages/flask/__init__.py", line 1, in <module>
    from markupsafe import escape
ModuleNotFoundError: No module named 'markupsafe'
Traceback (most recent call last):
  File "/home/jacktdxq/public_html/kg_disc_flask/passenger_wsgi.py", line 8, in <module>
    wsgi = imp.load_source('wsgi', 'KG.py')
  File "/home/jacktdxq/virtualenv/public_html/kg_disc_flask/3.9/lib64/python3.9/imp.py", line 171, in load_source
    module = _load(spec)
  File "<frozen importlib._bootstrap>", line 711, in _load
  File "<frozen importlib._bootstrap>", line 680, in _load_unlocked
  File "<frozen importlib._bootstrap_external>", line 850, in exec_module
  File "<frozen importlib._bootstrap>", line 228, in _call_with_frames_removed
  File "KG.py", line 1, in <module>
    from flask import Flask, render_template
  File "/home/jacktdxq/virtualenv/public_html/kg_disc_flask/3.9/lib/python3.9/site-packages/flask/__init__.py", line 1, in <module>
    from markupsafe import escape
ModuleNotFoundError: No module named 'markupsafe'
Traceback (most recent call last):
  File "/home/jacktdxq/public_html/kg_disc_flask/passenger_wsgi.py", line 8, in <module>
    wsgi = imp.load_source('wsgi', 'KG.py')
  File "/home/jacktdxq/virtualenv/public_html/kg_disc_flask/3.9/lib64/python3.9/imp.py", line 171, in load_source
    module = _load(spec)
  File "<frozen importlib._bootstrap>", line 711, in _load
  File "<frozen importlib._bootstrap>", line 680, in _load_unlocked
  File "<frozen importlib._bootstrap_external>", line 850, in exec_module
  File "<frozen importlib._bootstrap>", line 228, in _call_with_frames_removed
  File "KG.py", line 1, in <module>
    from flask import Flask, render_template
  File "/home/jacktdxq/virtualenv/public_html/kg_disc_flask/3.9/lib/python3.9/site-packages/flask/__init__.py", line 1, in <module>
    from markupsafe import escape
ModuleNotFoundError: No module named 'markupsafe'
